This is pdfTeX, Version 3.141592653-2.6-1.40.25 (TeX Live 2023) (preloaded format=pdflatex 2023.5.6)  21 MAY 2024 20:55
entering extended mode
 restricted \write18 enabled.
 file:line:error style messages enabled.
 %&-line parsing enabled.
**supporting_information_revised.tex
(./supporting_information_revised.tex
LaTeX2e <2022-11-01> patch level 1
L3 programming layer <2023-02-22>
(/usr/local/texlive/2023/texmf-dist/tex/latex/base/article.cls
Document Class: article 2022/07/02 v1.4n Standard LaTeX document class
(/usr/local/texlive/2023/texmf-dist/tex/latex/base/size10.clo
File: size10.clo 2022/07/02 v1.4n Standard LaTeX file (size option)
)
\c@part=\count185
\c@section=\count186
\c@subsection=\count187
\c@subsubsection=\count188
\c@paragraph=\count189
\c@subparagraph=\count190
\c@figure=\count191
\c@table=\count192
\abovecaptionskip=\skip48
\belowcaptionskip=\skip49
\bibindent=\dimen140
)
(/usr/local/texlive/2023/texmf-dist/tex/latex/float/float.sty
Package: float 2001/11/08 v1.3d Float enhancements (AL)
\c@float@type=\count193
\float@exts=\toks16
\float@box=\box51
\@float@everytoks=\toks17
\@floatcapt=\box52
)
(/usr/local/texlive/2023/texmf-dist/tex/latex/graphics/graphicx.sty
Package: graphicx 2021/09/16 v1.2d Enhanced LaTeX Graphics (DPC,SPQR)

(/usr/local/texlive/2023/texmf-dist/tex/latex/graphics/keyval.sty
Package: keyval 2022/05/29 v1.15 key=value parser (DPC)
\KV@toks@=\toks18
)
(/usr/local/texlive/2023/texmf-dist/tex/latex/graphics/graphics.sty
Package: graphics 2022/03/10 v1.4e Standard LaTeX Graphics (DPC,SPQR)

(/usr/local/texlive/2023/texmf-dist/tex/latex/graphics/trig.sty
Package: trig 2021/08/11 v1.11 sin cos tan (DPC)
)
(/usr/local/texlive/2023/texmf-dist/tex/latex/graphics-cfg/graphics.cfg
File: graphics.cfg 2016/06/04 v1.11 sample graphics configuration
)
Package graphics Info: Driver file: pdftex.def on input line 107.

(/usr/local/texlive/2023/texmf-dist/tex/latex/graphics-def/pdftex.def
File: pdftex.def 2022/09/22 v1.2b Graphics/color driver for pdftex
))
\Gin@req@height=\dimen141
\Gin@req@width=\dimen142
)
(/usr/local/texlive/2023/texmf-dist/tex/latex/geometry/geometry.sty
Package: geometry 2020/01/02 v5.9 Page Geometry

(/usr/local/texlive/2023/texmf-dist/tex/generic/iftex/ifvtex.sty
Package: ifvtex 2019/10/25 v1.7 ifvtex legacy package. Use iftex instead.

(/usr/local/texlive/2023/texmf-dist/tex/generic/iftex/iftex.sty
Package: iftex 2022/02/03 v1.0f TeX engine tests
))
\Gm@cnth=\count194
\Gm@cntv=\count195
\c@Gm@tempcnt=\count196
\Gm@bindingoffset=\dimen143
\Gm@wd@mp=\dimen144
\Gm@odd@mp=\dimen145
\Gm@even@mp=\dimen146
\Gm@layoutwidth=\dimen147
\Gm@layoutheight=\dimen148
\Gm@layouthoffset=\dimen149
\Gm@layoutvoffset=\dimen150
\Gm@dimlist=\toks19
)
(/usr/local/texlive/2023/texmf-dist/tex/latex/l3backend/l3backend-pdftex.def
File: l3backend-pdftex.def 2023-01-16 L3 backend support: PDF output (pdfTeX)
\l__color_backend_stack_int=\count197
\l__pdf_internal_box=\box53
)
(./supporting_information_revised.aux)
\openout1 = `supporting_information_revised.aux'.

LaTeX Font Info:    Checking defaults for OML/cmm/m/it on input line 15.
LaTeX Font Info:    ... okay on input line 15.
LaTeX Font Info:    Checking defaults for OMS/cmsy/m/n on input line 15.
LaTeX Font Info:    ... okay on input line 15.
LaTeX Font Info:    Checking defaults for OT1/cmr/m/n on input line 15.
LaTeX Font Info:    ... okay on input line 15.
LaTeX Font Info:    Checking defaults for T1/cmr/m/n on input line 15.
LaTeX Font Info:    ... okay on input line 15.
LaTeX Font Info:    Checking defaults for TS1/cmr/m/n on input line 15.
LaTeX Font Info:    ... okay on input line 15.
LaTeX Font Info:    Checking defaults for OMX/cmex/m/n on input line 15.
LaTeX Font Info:    ... okay on input line 15.
LaTeX Font Info:    Checking defaults for U/cmr/m/n on input line 15.
LaTeX Font Info:    ... okay on input line 15.

(/usr/local/texlive/2023/texmf-dist/tex/context/base/mkii/supp-pdf.mkii
[Loading MPS to PDF converter (version 2006.09.02).]
\scratchcounter=\count198
\scratchdimen=\dimen151
\scratchbox=\box54
\nofMPsegments=\count199
\nofMParguments=\count266
\everyMPshowfont=\toks20
\MPscratchCnt=\count267
\MPscratchDim=\dimen152
\MPnumerator=\count268
\makeMPintoPDFobject=\count269
\everyMPtoPDFconversion=\toks21
) (/usr/local/texlive/2023/texmf-dist/tex/latex/epstopdf-pkg/epstopdf-base.sty
Package: epstopdf-base 2020-01-24 v2.11 Base part for package epstopdf
Package epstopdf-base Info: Redefining graphics rule for `.eps' on input line 4
85.

(/usr/local/texlive/2023/texmf-dist/tex/latex/latexconfig/epstopdf-sys.cfg
File: epstopdf-sys.cfg 2010/07/13 v1.3 Configuration of (r)epstopdf for TeX Liv
e
))
*geometry* driver: auto-detecting
*geometry* detected driver: pdftex
*geometry* verbose mode - [ preamble ] result:
* driver: pdftex
* paper: <default>
* layout: <same size as paper>
* layoutoffset:(h,v)=(0.0pt,0.0pt)
* modes: 
* h-part:(L,W,R)=(108.405pt, 397.485pt, 108.405pt)
* v-part:(T,H,B)=(108.405pt, 578.15999pt, 108.405pt)
* \paperwidth=614.295pt
* \paperheight=794.96999pt
* \textwidth=397.485pt
* \textheight=578.15999pt
* \oddsidemargin=36.13501pt
* \evensidemargin=36.13501pt
* \topmargin=-0.86499pt
* \headheight=12.0pt
* \headsep=25.0pt
* \topskip=10.0pt
* \footskip=30.0pt
* \marginparwidth=65.0pt
* \marginparsep=11.0pt
* \columnsep=10.0pt
* \skip\footins=9.0pt plus 4.0pt minus 2.0pt
* \hoffset=0.0pt
* \voffset=0.0pt
* \mag=1000
* \@twocolumnfalse
* \@twosidefalse
* \@mparswitchfalse
* \@reversemarginfalse
* (1in=72.27pt=25.4mm, 1cm=28.453pt)

LaTeX Font Info:    External font `cmex10' loaded for size
(Font)              <12> on input line 16.
LaTeX Font Info:    External font `cmex10' loaded for size
(Font)              <8> on input line 16.
LaTeX Font Info:    External font `cmex10' loaded for size
(Font)              <6> on input line 16.

LaTeX Warning: No \author given.

LaTeX Font Info:    External font `cmex10' loaded for size
(Font)              <7> on input line 25.
LaTeX Font Info:    External font `cmex10' loaded for size
(Font)              <5> on input line 25.
<figures//trust_plot_trefoil.png, id=1, 1907.125pt x 635.37375pt>
File: figures//trust_plot_trefoil.png Graphic file (type png)
<use figures//trust_plot_trefoil.png>
Package pdftex.def Info: figures//trust_plot_trefoil.png  used on input line 29
.
(pdftex.def)             Requested size: 419.5688pt x 139.78265pt.
<figures//best_rep_trefoil.png, id=3, 1483.5425pt x 529.98pt>
File: figures//best_rep_trefoil.png Graphic file (type png)
<use figures//best_rep_trefoil.png>
Package pdftex.def Info: figures//best_rep_trefoil.png  used on input line 30.
(pdftex.def)             Requested size: 415.38907pt x 148.39337pt.
<figures//optimal_perp_trefoil.png, id=4, 1059.96pt x 423.5825pt>
File: figures//optimal_perp_trefoil.png Graphic file (type png)
<use figures//optimal_perp_trefoil.png>
Package pdftex.def Info: figures//optimal_perp_trefoil.png  used on input line 
31.
(pdftex.def)             Requested size: 413.38274pt x 165.1965pt.

Overfull \hbox (22.0838pt too wide) in paragraph at lines 29--32
 [][] 
 []


Overfull \hbox (17.90407pt too wide) in paragraph at lines 29--32
 [] 
 []


Overfull \hbox (15.89774pt too wide) in paragraph at lines 29--32
 [] 
 []

[1

{/usr/local/texlive/2023/texmf-var/fonts/map/pdftex/updmap/pdftex.map}]
<figures//trust_plot_mammoth.png, id=14, 1907.125pt x 635.37375pt>
File: figures//trust_plot_mammoth.png Graphic file (type png)
<use figures//trust_plot_mammoth.png>
Package pdftex.def Info: figures//trust_plot_mammoth.png  used on input line 39
.
(pdftex.def)             Requested size: 419.5688pt x 139.78265pt.
<figures//best_rep_mammoth.png, id=15, 1483.5425pt x 529.98pt>
File: figures//best_rep_mammoth.png Graphic file (type png)
<use figures//best_rep_mammoth.png>
Package pdftex.def Info: figures//best_rep_mammoth.png  used on input line 40.
(pdftex.def)             Requested size: 415.38907pt x 148.39337pt.
<figures//optimal_perp_mammoth.png, id=16, 1059.96pt x 423.5825pt>
File: figures//optimal_perp_mammoth.png Graphic file (type png)
<use figures//optimal_perp_mammoth.png>
Package pdftex.def Info: figures//optimal_perp_mammoth.png  used on input line 
41.
(pdftex.def)             Requested size: 413.38274pt x 165.1965pt.

Overfull \hbox (22.0838pt too wide) in paragraph at lines 39--42
 [][] 
 []


Overfull \hbox (17.90407pt too wide) in paragraph at lines 39--42
 [] 
 []


Overfull \hbox (15.89774pt too wide) in paragraph at lines 39--42
 [] 
 []

[2 <./figures//trust_plot_trefoil.png> <./figures//best_rep_trefoil.png> <./fig
ures//optimal_perp_trefoil.png>] [3 <./figures//trust_plot_mammoth.png> <./figu
res//best_rep_mammoth.png> <./figures//optimal_perp_mammoth.png>]
<figures//trust_plot_scRNA.png, id=29, 1907.125pt x 635.37375pt>
File: figures//trust_plot_scRNA.png Graphic file (type png)
<use figures//trust_plot_scRNA.png>
Package pdftex.def Info: figures//trust_plot_scRNA.png  used on input line 52.
(pdftex.def)             Requested size: 390.96317pt x 130.25246pt.
<figures//trust_plot_scRNA2.png, id=30, 1907.125pt x 635.37375pt>
File: figures//trust_plot_scRNA2.png Graphic file (type png)
<use figures//trust_plot_scRNA2.png>
Package pdftex.def Info: figures//trust_plot_scRNA2.png  used on input line 58.

(pdftex.def)             Requested size: 390.96317pt x 130.25246pt.
 [4 <./figures//trust_plot_scRNA.png> <./figures//trust_plot_scRNA2.png>]
<figures//trust_plot_enterotype.png, id=36, 1907.125pt x 635.37375pt>
File: figures//trust_plot_enterotype.png Graphic file (type png)
<use figures//trust_plot_enterotype.png>
Package pdftex.def Info: figures//trust_plot_enterotype.png  used on input line
 67.
(pdftex.def)             Requested size: 390.96317pt x 130.25246pt.
<figures//trust_plot_enterotype2.png, id=37, 1907.125pt x 635.37375pt>
File: figures//trust_plot_enterotype2.png Graphic file (type png)
<use figures//trust_plot_enterotype2.png>
Package pdftex.def Info: figures//trust_plot_enterotype2.png  used on input lin
e 73.
(pdftex.def)             Requested size: 390.96317pt x 130.25246pt.
<figures//PBCells_silhouette.png, id=38, 772.8875pt x 476.78125pt>
File: figures//PBCells_silhouette.png Graphic file (type png)
<use figures//PBCells_silhouette.png>
Package pdftex.def Info: figures//PBCells_silhouette.png  used on input line 81
.
(pdftex.def)             Requested size: 386.4428pt x 238.39003pt.
 [5 <./figures//trust_plot_enterotype.png> <./figures//trust_plot_enterotype2.p
ng>]
<figures//PBCells_gap.png, id=46, 772.8875pt x 476.78125pt>
File: figures//PBCells_gap.png Graphic file (type png)
<use figures//PBCells_gap.png>
Package pdftex.def Info: figures//PBCells_gap.png  used on input line 87.
(pdftex.def)             Requested size: 386.4428pt x 238.39003pt.
 [6 <./figures//PBCells_silhouette.png> <./figures//PBCells_gap.png>]
No file supporting_information_revised.bbl.
[7]
Underfull \hbox (badness 4832) in paragraph at lines 218--221
[]\OT1/cmr/m/n/10 Cell Ranger ARC 2.0.0.  Sin-gle Cell Mul-ti-ome ATAC + Gene E
x-pres-
 []


Underfull \hbox (badness 1688) in paragraph at lines 218--221
\OT1/cmr/m/n/10 sion Dataset.  \OT1/cmr/m/it/10 https://www.10xgenomics.com/dat
asets/pbmc-from-a-healthy-donor-
 []


Underfull \hbox (badness 10000) in paragraph at lines 223--226
[]\OT1/cmr/m/n/10 Benjamin Parks.  BP-Cells: Sin-gle Cell Counts Ma-tri-ces to 
PCA.
 []

[8] (./supporting_information_revised.aux) ) 
Here is how much of TeX's memory you used:
 2110 strings out of 476025
 36760 string characters out of 5790018
 1858388 words of memory out of 5000000
 22581 multiletter control sequences out of 15000+600000
 516580 words of font info for 46 fonts, out of 8000000 for 9000
 1141 hyphenation exceptions out of 8191
 57i,8n,62p,930b,233s stack positions out of 10000i,1000n,20000p,200000b,200000s
</usr/local/texlive/2023/texmf-dist
/fonts/type1/public/amsfonts/cm/cmbx12.pfb></usr/local/texlive/2023/texmf-dist/
fonts/type1/public/amsfonts/cm/cmmi10.pfb></usr/local/texlive/2023/texmf-dist/f
onts/type1/public/amsfonts/cm/cmr10.pfb></usr/local/texlive/2023/texmf-dist/fon
ts/type1/public/amsfonts/cm/cmr17.pfb></usr/local/texlive/2023/texmf-dist/fonts
/type1/public/amsfonts/cm/cmr7.pfb></usr/local/texlive/2023/texmf-dist/fonts/ty
pe1/public/amsfonts/cm/cmsy7.pfb></usr/local/texlive/2023/texmf-dist/fonts/type
1/public/amsfonts/cm/cmti10.pfb>
Output written on supporting_information_revised.pdf (8 pages, 1219106 bytes).
PDF statistics:
 91 PDF objects out of 1000 (max. 8388607)
 42 compressed objects within 1 object stream
 0 named destinations out of 1000 (max. 500000)
 61 words of extra memory for PDF output out of 10000 (max. 10000000)

